# ACTIVITY.log — auto-populated by the PostToolUse hook. Do not edit manually.

(no activity yet — first doc edit will appear here)
2026-07-10 07:55 UTC · DEVIN2 · edited Devins_Plans/state/ROSTER.md
2026-07-10 07:55 UTC · DEVIN2 · edited Devins_Plans/state/ROSTER.md
2026-07-10 07:55 UTC · DEVIN2 · edited Devins_Plans/SCRATCHPAD.md
2026-07-10 07:55 UTC · DEVIN2 · edited Devins_Plans/SCRATCHPAD.md
2026-07-10 07:56 UTC · DEVIN2 · edited Devins_Plans/_planning/OKF_REPO_INDEX_PLAN.md
2026-07-10 07:56 UTC · DEVIN2 · edited Devins_Plans/_planning/OKF_REPO_INDEX_PLAN.md
2026-07-10 07:58 UTC · DEVIN2 · edited Devins_Plans/SCRATCHPAD.md
2026-07-10 07:58 UTC · DEVIN2 · edited Devins_Plans/SCRATCHPAD.md
2026-07-10 07:58 UTC · DESIT2 · edited Devins_Plans/DOC_INDEX.md
2026-07-10 07:58 UTC · DESIT2 · edited Devins_Plans/index.md
2026-07-10 07:58 UTC · DESIT2 · edited Devins_Plans/DOC_INDEX.md
2026-07-10 07:58 UTC · DESIT2 · edited Devins_Plans/index.md
2026-07-10 07:59 UTC · DESIT2 · edited Devins_Plans/reference/pages/index.md
2026-07-10 07:59 UTC · DESIT2 · edited Devins_Plans/reference/pages/index.md
2026-07-10 07:59 UTC · DESIT2 · edited Devins_Plans/reference/pages/architecture.md
2026-07-10 07:59 UTC · DESIT2 · edited Devins_Plans/reference/pages/architecture.md
2026-07-10 07:59 UTC · DESIT2 · edited Devins_Plans/reference/pages/benchmarks.md
2026-07-10 07:59 UTC · DESIT2 · edited Devins_Plans/reference/pages/benchmarks.md
2026-07-10 07:59 UTC · DESIT2 · edited Devins_Plans/reference/pages/deck.md
2026-07-10 07:59 UTC · DESIT2 · edited Devins_Plans/reference/pages/deck.md
2026-07-10 07:59 UTC · DESIT2 · edited Devins_Plans/reference/pages/demovideo.md
2026-07-10 07:59 UTC · DESIT2 · edited Devins_Plans/reference/pages/demovideo.md
2026-07-10 08:00 UTC · DESIT2 · edited Devins_Plans/reference/pages/field-sheet.md
2026-07-10 08:00 UTC · DESIT2 · edited Devins_Plans/reference/pages/field-sheet.md
2026-07-10 08:00 UTC · DESIT2 · edited Devins_Plans/reference/pages/governance-vacuum.md
2026-07-10 08:00 UTC · DESIT2 · edited Devins_Plans/reference/pages/governance-vacuum.md
2026-07-10 08:00 UTC · DESIT2 · edited Devins_Plans/reference/pages/legal.md
2026-07-10 08:00 UTC · DESIT2 · edited Devins_Plans/reference/pages/legal.md
2026-07-10 08:00 UTC · DESIT2 · edited Devins_Plans/reference/pages/papers.md
2026-07-10 08:00 UTC · DESIT2 · edited Devins_Plans/reference/pages/papers.md
2026-07-10 08:00 UTC · DESIT2 · edited Devins_Plans/reference/pages/press.md
2026-07-10 08:00 UTC · DESIT2 · edited Devins_Plans/reference/pages/press.md
2026-07-10 08:00 UTC · DESIT2 · edited Devins_Plans/reference/pages/resume.md
2026-07-10 08:00 UTC · DESIT2 · edited Devins_Plans/reference/pages/resume.md
2026-07-10 08:01 UTC · DESIT2 · edited Devins_Plans/reference/scripts/frontend.md
2026-07-10 08:01 UTC · DESIT2 · edited Devins_Plans/reference/scripts/frontend.md
2026-07-10 08:01 UTC · DESIT2 · edited Devins_Plans/reference/scripts/tracker.md
2026-07-10 08:01 UTC · DESIT2 · edited Devins_Plans/reference/scripts/tracker.md
2026-07-10 08:01 UTC · DESIT2 · edited Devins_Plans/reference/scripts/seo.md
2026-07-10 08:01 UTC · DESIT2 · edited Devins_Plans/reference/scripts/seo.md
2026-07-10 08:02 UTC · DESIT2 · edited Devins_Plans/reference/config/root-config.md
2026-07-10 08:02 UTC · DESIT2 · edited Devins_Plans/reference/config/root-config.md
2026-07-10 08:02 UTC · DESIT2 · edited Devins_Plans/reference/config/seo-playbook.md
2026-07-10 08:02 UTC · DESIT2 · edited Devins_Plans/reference/config/seo-playbook.md
2026-07-10 08:03 UTC · DESIT2 · edited Devins_Plans/reference/assets/benchmarks.md
2026-07-10 08:03 UTC · DESIT2 · edited Devins_Plans/reference/assets/benchmarks.md
2026-07-10 08:03 UTC · DESIT2 · edited Devins_Plans/reference/assets/images.md
2026-07-10 08:03 UTC · DESIT2 · edited Devins_Plans/reference/assets/images.md
2026-07-10 08:03 UTC · DESIT2 · edited Devins_Plans/reference/deck/slides.md
2026-07-10 08:03 UTC · DESIT2 · edited Devins_Plans/reference/deck/slides.md
2026-07-10 08:03 UTC · DESIT2 · edited Devins_Plans/DOC_INDEX.md
2026-07-10 08:03 UTC · DESIT2 · edited Devins_Plans/DOC_INDEX.md
2026-07-10 08:03 UTC · DESIT2 · edited Devins_Plans/index.md
2026-07-10 08:03 UTC · DESIT2 · edited Devins_Plans/index.md
2026-07-10 08:04 UTC · DESIT2 · edited Devins_Plans/DOC_INDEX.md
2026-07-10 08:04 UTC · DESIT2 · edited Devins_Plans/index.md
2026-07-10 08:04 UTC · DESIT2 · edited Devins_Plans/DOC_INDEX.md
2026-07-10 08:04 UTC · DESIT2 · edited Devins_Plans/index.md
2026-07-10 08:04 UTC · DESIT2 · edited Devins_Plans/reference/SEO_GEO_AEO_AUDIT.md
2026-07-10 08:04 UTC · DESIT2 · edited Devins_Plans/reference/SEO_GEO_AEO_AUDIT.md
2026-07-10 08:04 UTC · DESIT2 · edited Devins_Plans/DOC_INDEX.md
2026-07-10 08:04 UTC · DESIT2 · edited Devins_Plans/index.md
2026-07-10 08:04 UTC · DESIT2 · edited Devins_Plans/DOC_INDEX.md
2026-07-10 08:04 UTC · DESIT2 · edited Devins_Plans/index.md
2026-07-10 08:04 UTC · DESIT2 · edited Devins_Plans/SCRATCHPAD.md
2026-07-10 08:04 UTC · DESIT2 · edited Devins_Plans/SCRATCHPAD.md
2026-07-10 08:05 UTC · DESIT2 · edited Devins_Plans/SCRATCHPAD.md
2026-07-10 08:05 UTC · DESIT2 · edited Devins_Plans/SCRATCHPAD.md
2026-07-10 08:05 UTC · DESIT2 · edited Devins_Plans/SCRATCHPAD.md
2026-07-10 08:05 UTC · DESIT2 · edited Devins_Plans/SCRATCHPAD.md
2026-07-10 08:05 UTC · DESIT2 · edited Devins_Plans/DOC_INDEX.md
2026-07-10 08:05 UTC · DESIT2 · edited Devins_Plans/index.md
2026-07-10 08:05 UTC · DESIT2 · edited Devins_Plans/DOC_INDEX.md
2026-07-10 08:05 UTC · DESIT2 · edited Devins_Plans/index.md
